<?xml version="1.0" encoding="UTF-8"?>
<testsuite xmlns:xsi="http://www.w3.org/2001/XMLSchema-instance" xsi:noNamespaceSchemaLocation="https://maven.apache.org/surefire/maven-surefire-plugin/xsd/surefire-test-report-3.0.xsd" version="3.0" name="com.paymentchain.product.ProductApplicationTests" time="5.233" tests="1" errors="0" skipped="0" failures="0">
  <properties>
[...]
</properties>
  <testcase name="contextLoads" classname="com.paymentchain.product.ProductApplicationTests" time="0.191">
    <system-out><![CDATA[20:09:19.243 [main] DEBUG org.springframework.test.context.BootstrapUtils - Instantiating CacheAwareContextLoaderDelegate from class [org.springframework.test.context.cache.DefaultCacheAwareContextLoaderDelegate]
20:09:19.253 [main] DEBUG org.springframework.test.context.BootstrapUtils - Instantiating BootstrapContext using constructor [public org.springframework.test.context.support.DefaultBootstrapContext(java.lang.Class,org.springframework.test.context.CacheAwareContextLoaderDelegate)]
20:09:19.283 [main] DEBUG org.springframework.test.context.BootstrapUtils - Instantiating TestContextBootstrapper for test class [com.paymentchain.product.ProductApplicationTests] from class [org.springframework.boot.test.context.SpringBootTestContextBootstrapper]
20:09:19.292 [main] INFO org.springframework.boot.test.context.SpringBootTestContextBootstrapper - Neither @ContextConfiguration nor @ContextHierarchy found for test class [com.paymentchain.product.ProductApplicationTests], using SpringBootContextLoader
20:09:19.295 [main] DEBUG org.springframework.test.context.support.AbstractContextLoader - Did not detect default resource location for test class [com.paymentchain.product.ProductApplicationTests]: class path resource [com/paymentchain/product/ProductApplicationTests-context.xml] does not exist
20:09:19.296 [main] DEBUG org.springframework.test.context.support.AbstractContextLoader - Did not detect default resource location for test class [com.paymentchain.product.ProductApplicationTests]: class path resource [com/paymentchain/product/ProductApplicationTestsContext.groovy] does not exist
20:09:19.296 [main] INFO org.springframework.test.context.support.AbstractContextLoader - Could not detect default resource locations for test class [com.paymentchain.product.ProductApplicationTests]: no resource found for suffixes {-context.xml, Context.groovy}.
20:09:19.296 [main] INFO org.springframework.test.context.support.AnnotationConfigContextLoaderUtils - Could not detect default configuration classes for test class [com.paymentchain.product.ProductApplicationTests]: ProductApplicationTests does not declare any static, non-private, non-final, nested classes annotated with @Configuration.
20:09:19.333 [main] DEBUG org.springframework.test.context.support.ActiveProfilesUtils - Could not find an 'annotation declaring class' for annotation type [org.springframework.test.context.ActiveProfiles] and class [com.paymentchain.product.ProductApplicationTests]
20:09:19.383 [main] DEBUG org.springframework.context.annotation.ClassPathScanningCandidateComponentProvider - Identified candidate component class: file [C:\Users\manue\springboot\paymentchainparent\businessdomain\product\target\classes\com\paymentchain\product\ProductApplication.class]
20:09:19.384 [main] INFO org.springframework.boot.test.context.SpringBootTestContextBootstrapper - Found @SpringBootConfiguration com.paymentchain.product.ProductApplication for test class com.paymentchain.product.ProductApplicationTests
20:09:19.473 [main] DEBUG org.springframework.boot.test.context.SpringBootTestContextBootstrapper - @TestExecutionListeners is not present for class [com.paymentchain.product.ProductApplicationTests]: using defaults.
20:09:19.473 [main] INFO org.springframework.boot.test.context.SpringBootTestContextBootstrapper - Loaded default TestExecutionListener class names from location [META-INF/spring.factories]: [org.springframework.boot.test.mock.mockito.MockitoTestExecutionListener, org.springframework.boot.test.mock.mockito.ResetMocksTestExecutionListener, org.springframework.boot.test.autoconfigure.restdocs.RestDocsTestExecutionListener, org.springframework.boot.test.autoconfigure.web.client.MockRestServiceServerResetTestExecutionListener, org.springframework.boot.test.autoconfigure.web.servlet.MockMvcPrintOnlyOnFailureTestExecutionListener, org.springframework.boot.test.autoconfigure.web.servlet.WebDriverTestExecutionListener, org.springframework.boot.test.autoconfigure.webservices.client.MockWebServiceServerTestExecutionListener, org.springframework.test.context.web.ServletTestExecutionListener, org.springframework.test.context.support.DirtiesContextBeforeModesTestExecutionListener, org.springframework.test.context.event.ApplicationEventsTestExecutionListener, org.springframework.test.context.support.DependencyInjectionTestExecutionListener, org.springframework.test.context.support.DirtiesContextTestExecutionListener, org.springframework.test.context.transaction.TransactionalTestExecutionListener, org.springframework.test.context.jdbc.SqlScriptsTestExecutionListener, org.springframework.test.context.event.EventPublishingTestExecutionListener]
20:09:19.487 [main] INFO org.springframework.boot.test.context.SpringBootTestContextBootstrapper - Using TestExecutionListeners: [org.springframework.test.context.web.ServletTestExecutionListener@5c3b6c6e, org.springframework.test.context.support.DirtiesContextBeforeModesTestExecutionListener@4fbda97b, org.springframework.test.context.event.ApplicationEventsTestExecutionListener@75f5fd58, org.springframework.boot.test.mock.mockito.MockitoTestExecutionListener@37b70343, org.springframework.boot.test.autoconfigure.SpringBootDependencyInjectionTestExecutionListener@306851c7, org.springframework.test.context.support.DirtiesContextTestExecutionListener@12bcd0c0, org.springframework.test.context.transaction.TransactionalTestExecutionListener@4879f0f2, org.springframework.test.context.jdbc.SqlScriptsTestExecutionListener@47db5fa5, org.springframework.test.context.event.EventPublishingTestExecutionListener@354fc8f0, org.springframework.boot.test.mock.mockito.ResetMocksTestExecutionListener@41813449, org.springframework.boot.test.autoconfigure.restdocs.RestDocsTestExecutionListener@4678a2eb, org.springframework.boot.test.autoconfigure.web.client.MockRestServiceServerResetTestExecutionListener@5b43fbf6, org.springframework.boot.test.autoconfigure.web.servlet.MockMvcPrintOnlyOnFailureTestExecutionListener@1080b026, org.springframework.boot.test.autoconfigure.web.servlet.WebDriverTestExecutionListener@58ebfd03, org.springframework.boot.test.autoconfigure.webservices.client.MockWebServiceServerTestExecutionListener@5b07730f]
20:09:19.490 [main] DEBUG org.springframework.test.context.support.AbstractDirtiesContextTestExecutionListener - Before test class: context [DefaultTestContext@4bef0fe3 testClass = ProductApplicationTests, testInstance = [null], testMethod = [null], testException = [null], mergedContextConfiguration = [WebMergedContextConfiguration@62ea3440 testClass = ProductApplicationTests, locations = '{}', classes = '{class com.paymentchain.product.ProductApplication}', contextInitializerClasses = '[]', activeProfiles = '{}', propertySourceLocations = '{}', propertySourceProperties = '{org.springframework.boot.test.context.SpringBootTestContextBootstrapper=true}', contextCustomizers = set[org.springframework.boot.test.context.filter.ExcludeFilterContextCustomizer@53251a66, org.springframework.boot.test.json.DuplicateJsonObjectContextCustomizerFactory$DuplicateJsonObjectContextCustomizer@282cb7c7, org.springframework.boot.test.mock.mockito.MockitoContextCustomizer@0, org.springframework.boot.test.web.client.TestRestTemplateContextCustomizer@479ceda0, org.springframework.boot.test.autoconfigure.actuate.metrics.MetricsExportContextCustomizerFactory$DisableMetricExportContextCustomizer@3081f72c, org.springframework.boot.test.autoconfigure.properties.PropertyMappingContextCustomizer@0, org.springframework.boot.test.autoconfigure.web.servlet.WebDriverContextCustomizerFactory$Customizer@45a37759, org.springframework.boot.test.context.SpringBootTestArgs@1, org.springframework.boot.test.context.SpringBootTestWebEnvironment@368f2016], resourceBasePath = 'src/main/webapp', contextLoader = 'org.springframework.boot.test.context.SpringBootContextLoader', parent = [null]], attributes = map['org.springframework.test.context.web.ServletTestExecutionListener.activateListener' -> true]], class annotated with @DirtiesContext [false] with mode [null].

  .   ____          _            __ _ _
 /\\ / ___'_ __ _ _(_)_ __  __ _ \ \ \ \
( ( )\___ | '_ | '_| | '_ \/ _` | \ \ \ \
 \\/  ___)| |_)| | | | | || (_| |  ) ) ) )
  '  |____| .__|_| |_|_| |_\__, | / / / /
 =========|_|==============|___/=/_/_/_/
 :: Spring Boot ::                (v2.7.5)

2023-07-16 20:09:19.796  INFO 25296 --- [           main] c.p.product.ProductApplicationTests      : Starting ProductApplicationTests using Java 17.0.2 on DESKTOP-G488DCC with PID 25296 (started by manue in C:\Users\manue\springboot\paymentchainparent\businessdomain\product)
2023-07-16 20:09:19.797  INFO 25296 --- [           main] c.p.product.ProductApplicationTests      : No active profile set, falling back to 1 default profile: "default"
2023-07-16 20:09:20.446  INFO 25296 --- [           main] .s.d.r.c.RepositoryConfigurationDelegate : Bootstrapping Spring Data JPA repositories in DEFAULT mode.
2023-07-16 20:09:20.493  INFO 25296 --- [           main] .s.d.r.c.RepositoryConfigurationDelegate : Finished Spring Data repository scanning in 39 ms. Found 1 JPA repository interfaces.
2023-07-16 20:09:21.057  INFO 25296 --- [           main] com.zaxxer.hikari.HikariDataSource       : HikariPool-1 - Starting...
2023-07-16 20:09:21.259  INFO 25296 --- [           main] com.zaxxer.hikari.HikariDataSource       : HikariPool-1 - Start completed.
2023-07-16 20:09:21.321  INFO 25296 --- [           main] o.hibernate.jpa.internal.util.LogHelper  : HHH000204: Processing PersistenceUnitInfo [name: default]
2023-07-16 20:09:21.374  INFO 25296 --- [           main] org.hibernate.Version                    : HHH000412: Hibernate ORM core version 5.6.12.Final
2023-07-16 20:09:21.570  INFO 25296 --- [           main] o.hibernate.annotations.common.Version   : HCANN000001: Hibernate Commons Annotations {5.1.2.Final}
2023-07-16 20:09:21.708  INFO 25296 --- [           main] org.hibernate.dialect.Dialect            : HHH000400: Using dialect: org.hibernate.dialect.H2Dialect
2023-07-16 20:09:22.271  INFO 25296 --- [           main] o.h.e.t.j.p.i.JtaPlatformInitiator       : HHH000490: Using JtaPlatform implementation: [org.hibernate.engine.transaction.jta.platform.internal.NoJtaPlatform]
2023-07-16 20:09:22.279  INFO 25296 --- [           main] j.LocalContainerEntityManagerFactoryBean : Initialized JPA EntityManagerFactory for persistence unit 'default'
2023-07-16 20:09:22.851  WARN 25296 --- [           main] JpaBaseConfiguration$JpaWebConfiguration : spring.jpa.open-in-view is enabled by default. Therefore, database queries may be performed during view rendering. Explicitly configure spring.jpa.open-in-view to disable this warning
2023-07-16 20:09:24.208  INFO 25296 --- [           main] c.p.product.ProductApplicationTests      : Started ProductApplicationTests in 4.676 seconds (JVM running for 5.678)
]]></system-out>
  </testcase>
</testsuite>